<?xml version="1.0" encoding="UTF-8"?>
<!-- Generated by org.testng.reporters.JUnitReportReporter -->
<testsuite hostname="Manasi" failures="0" tests="1" name="com.Actitime.Testscripts.CreateCustomer" time="10.924" errors="0" timestamp="2023-10-25T20:49:21 IST" skipped="0">
  <testcase classname="com.Actitime.Testscripts.CreateCustomer" name="create" time="10.924"/>
  <system-out>
    <![CDATA[database connected
login successfully
logged out successfully
browser closed successfully
database disconnected]]>
  </system-out>
</testsuite> <!-- com.Actitime.Testscripts.CreateCustomer -->
